[INFO] Scanning for projects...
[INFO] 
[INFO] ----------------< com.smartcampus:smart-campus-backend >----------------
[INFO] Building Smart Campus Operations Hub – Member 4 1.0.0
[INFO]   from pom.xml
[INFO] --------------------------------[ jar ]---------------------------------
[INFO] 
[INFO] >>> spring-boot:3.2.5:run (default-cli) > test-compile @ smart-campus-backend >>>
[INFO] 
[INFO] --- resources:3.3.1:resources (default-resources) @ smart-campus-backend ---
[INFO] Copying 1 resource from src/main/resources to target/classes
[INFO] Copying 0 resource from src/main/resources to target/classes
[INFO] 
[INFO] --- compiler:3.13.0:compile (default-compile) @ smart-campus-backend ---
[INFO] Nothing to compile - all classes are up to date.
[INFO] 
[INFO] --- resources:3.3.1:testResources (default-testResources) @ smart-campus-backend ---
[INFO] skip non existing resourceDirectory /Users/sudesh/Documents/paf paf/LMS-PAF/src/test/resources
[INFO] 
[INFO] --- compiler:3.13.0:testCompile (default-testCompile) @ smart-campus-backend ---
[INFO] Nothing to compile - all classes are up to date.
[INFO] 
[INFO] <<< spring-boot:3.2.5:run (default-cli) < test-compile @ smart-campus-backend <<<
[INFO] 
[INFO] 
[INFO] --- spring-boot:3.2.5:run (default-cli) @ smart-campus-backend ---
[INFO] Attaching agents: []

  .   ____          _            __ _ _
 /\\ / ___'_ __ _ _(_)_ __  __ _ \ \ \ \
( ( )\___ | '_ | '_| | '_ \/ _` | \ \ \ \
 \\/  ___)| |_)| | | | | || (_| |  ) ) ) )
  '  |____| .__|_| |_|_| |_\__, | / / / /
 =========|_|==============|___/=/_/_/_/
 :: Spring Boot ::                (v3.2.5)

2026-04-26T14:40:04.582+05:30  INFO 13366 --- [smart-campus-backend] [           main] com.smartcampus.SmartCampusApplication   : Starting SmartCampusApplication using Java 17.0.19 with PID 13366 (/Users/sudesh/Documents/paf paf/LMS-PAF/target/classes started by sudesh in /Users/sudesh/Documents/paf paf/LMS-PAF)
2026-04-26T14:40:04.587+05:30  INFO 13366 --- [smart-campus-backend] [           main] com.smartcampus.SmartCampusApplication   : No active profile set, falling back to 1 default profile: "default"
2026-04-26T14:40:05.299+05:30  INFO 13366 --- [smart-campus-backend] [           main] .s.d.r.c.RepositoryConfigurationDelegate : Bootstrapping Spring Data MongoDB repositories in DEFAULT mode.
2026-04-26T14:40:05.345+05:30  INFO 13366 --- [smart-campus-backend] [           main] .s.d.r.c.RepositoryConfigurationDelegate : Finished Spring Data repository scanning in 42 ms. Found 2 MongoDB repository interfaces.
2026-04-26T14:40:06.118+05:30  INFO 13366 --- [smart-campus-backend] [           main] o.s.b.w.embedded.tomcat.TomcatWebServer  : Tomcat initialized with port 8080 (http)
2026-04-26T14:40:06.129+05:30  INFO 13366 --- [smart-campus-backend] [           main] o.apache.catalina.core.StandardService   : Starting service [Tomcat]
2026-04-26T14:40:06.129+05:30  INFO 13366 --- [smart-campus-backend] [           main] o.apache.catalina.core.StandardEngine    : Starting Servlet engine: [Apache Tomcat/10.1.20]
2026-04-26T14:40:06.199+05:30  INFO 13366 --- [smart-campus-backend] [           main] o.a.c.c.C.[Tomcat].[localhost].[/]       : Initializing Spring embedded WebApplicationContext
2026-04-26T14:40:06.201+05:30  INFO 13366 --- [smart-campus-backend] [           main] w.s.c.ServletWebServerApplicationContext : Root WebApplicationContext: initialization completed in 1542 ms
2026-04-26T14:40:06.367+05:30  INFO 13366 --- [smart-campus-backend] [lco.mongodb.net] org.mongodb.driver.cluster               : Adding discovered server ac-qtccofn-shard-00-02.tbo9lco.mongodb.net:27017 to client view of cluster
2026-04-26T14:40:06.375+05:30  INFO 13366 --- [smart-campus-backend] [           main] org.mongodb.driver.client                : MongoClient with metadata {"application": {"name": "Cluster0"}, "driver": {"name": "mongo-java-driver|sync|spring-boot", "version": "4.11.2"}, "os": {"type": "Darwin", "name": "Mac OS X", "architecture": "x86_64", "version": "26.1"}, "platform": "Java/Homebrew/17.0.19+0"} created with settings MongoClientSettings{readPreference=primary, writeConcern=WriteConcern{w=majority, wTimeout=null ms, journal=null}, retryWrites=true, retryReads=true, readConcern=ReadConcern{level=null}, credential=MongoCredential{mechanism=null, userName='uniflex_db_user', source='admin', password=<hidden>, mechanismProperties=<hidden>}, transportSettings=null, streamFactoryFactory=null, commandListeners=[], codecRegistry=ProvidersCodecRegistry{codecProviders=[ValueCodecProvider{}, BsonValueCodecProvider{}, DBRefCodecProvider{}, DBObjectCodecProvider{}, DocumentCodecProvider{}, CollectionCodecProvider{}, IterableCodecProvider{}, MapCodecProvider{}, GeoJsonCodecProvider{}, GridFSFileCodecProvider{}, Jsr310CodecProvider{}, JsonObjectCodecProvider{}, BsonCodecProvider{}, EnumCodecProvider{}, com.mongodb.client.model.mql.ExpressionCodecProvider@1e4c6583, com.mongodb.Jep395RecordCodecProvider@2ee48610, com.mongodb.KotlinCodecProvider@1d901f20]}, loggerSettings=LoggerSettings{maxDocumentLength=1000}, clusterSettings={hosts=[127.0.0.1:27017], srvHost=cluster0.tbo9lco.mongodb.net, srvServiceName=mongodb, mode=MULTIPLE, requiredClusterType=REPLICA_SET, requiredReplicaSetName='atlas-85a8vm-shard-0', serverSelector='null', clusterListeners='[]', serverSelectionTimeout='30000 ms', localThreshold='15 ms'}, socketSettings=SocketSettings{connectTimeoutMS=10000, readTimeoutMS=0, receiveBufferSize=0, proxySettings=ProxySettings{host=null, port=null, username=null, password=null}}, heartbeatSocketSettings=SocketSettings{connectTimeoutMS=10000, readTimeoutMS=10000, receiveBufferSize=0, proxySettings=ProxySettings{host=null, port=null, username=null, password=null}}, connectionPoolSettings=ConnectionPoolSettings{maxSize=100, minSize=0, maxWaitTimeMS=120000, maxConnectionLifeTimeMS=0, maxConnectionIdleTimeMS=0, maintenanceInitialDelayMS=0, maintenanceFrequencyMS=60000, connectionPoolListeners=[], maxConnecting=2}, serverSettings=ServerSettings{heartbeatFrequencyMS=10000, minHeartbeatFrequencyMS=500, serverListeners='[]', serverMonitorListeners='[]'}, sslSettings=SslSettings{enabled=true, invalidHostNameAllowed=false, context=null}, applicationName='Cluster0', compressorList=[], uuidRepresentation=JAVA_LEGACY, serverApi=null, autoEncryptionSettings=null, dnsClient=null, inetAddressResolver=null, contextProvider=null}
2026-04-26T14:40:06.386+05:30  INFO 13366 --- [smart-campus-backend] [lco.mongodb.net] org.mongodb.driver.cluster               : Adding discovered server ac-qtccofn-shard-00-00.tbo9lco.mongodb.net:27017 to client view of cluster
2026-04-26T14:40:06.390+05:30  INFO 13366 --- [smart-campus-backend] [lco.mongodb.net] org.mongodb.driver.cluster               : Adding discovered server ac-qtccofn-shard-00-01.tbo9lco.mongodb.net:27017 to client view of cluster
2026-04-26T14:40:07.153+05:30  WARN 13366 --- [smart-campus-backend] [           main] ConfigServletWebServerApplicationContext : Exception encountered during context initialization - cancelling refresh attempt: org.springframework.beans.factory.BeanCreationException: Error creating bean with name 'OAuth2AuthenticationSuccessHandler': Injection of autowired dependencies failed
2026-04-26T14:40:07.168+05:30  INFO 13366 --- [smart-campus-backend] [           main] o.apache.catalina.core.StandardService   : Stopping service [Tomcat]
2026-04-26T14:40:07.175+05:30  WARN 13366 --- [smart-campus-backend] [           main] o.a.c.loader.WebappClassLoaderBase       : The web application [ROOT] appears to have started a thread named [BufferPoolPruner-1-thread-1] but has failed to stop it. This is very likely to create a memory leak. Stack trace of thread:
 java.base@17.0.19/jdk.internal.misc.Unsafe.park(Native Method)
 java.base@17.0.19/java.util.concurrent.locks.LockSupport.parkNanos(LockSupport.java:252)
 java.base@17.0.19/java.util.concurrent.locks.AbstractQueuedSynchronizer$ConditionObject.awaitNanos(AbstractQueuedSynchronizer.java:1679)
 java.base@17.0.19/java.util.concurrent.ScheduledThreadPoolExecutor$DelayedWorkQueue.take(ScheduledThreadPoolExecutor.java:1182)
 java.base@17.0.19/java.util.concurrent.ScheduledThreadPoolExecutor$DelayedWorkQueue.take(ScheduledThreadPoolExecutor.java:899)
 java.base@17.0.19/java.util.concurrent.ThreadPoolExecutor.getTask(ThreadPoolExecutor.java:1062)
 java.base@17.0.19/java.util.concurrent.ThreadPoolExecutor.runWorker(ThreadPoolExecutor.java:1122)
 java.base@17.0.19/java.util.concurrent.ThreadPoolExecutor$Worker.run(ThreadPoolExecutor.java:635)
 java.base@17.0.19/java.lang.Thread.run(Thread.java:840)
2026-04-26T14:40:07.176+05:30  WARN 13366 --- [smart-campus-backend] [           main] o.a.c.loader.WebappClassLoaderBase       : The web application [ROOT] appears to have started a thread named [cluster-ClusterId{value='69edd66e8ed7667be2df9409', description='Cluster0'}-ac-qtccofn-shard-00-02.tbo9lco.mongodb.net:27017] but has failed to stop it. This is very likely to create a memory leak. Stack trace of thread:
 java.base@17.0.19/java.util.concurrent.ConcurrentHashMap.computeIfAbsent(ConcurrentHashMap.java:1726)
 java.base@17.0.19/sun.security.util.DomainName$Rules.getRules(DomainName.java:179)
 java.base@17.0.19/sun.security.util.DomainName.getMatch(DomainName.java:135)
 java.base@17.0.19/sun.security.util.DomainName.registeredDomain(DomainName.java:127)
 java.base@17.0.19/sun.security.util.RegisteredDomain.from(RegisteredDomain.java:83)
 java.base@17.0.19/sun.security.util.HostnameChecker.hasIllegalWildcard(HostnameChecker.java:355)
 java.base@17.0.19/sun.security.util.HostnameChecker.isMatched(HostnameChecker.java:287)
 java.base@17.0.19/sun.security.util.HostnameChecker.matchDNS(HostnameChecker.java:204)
 java.base@17.0.19/sun.security.util.HostnameChecker.match(HostnameChecker.java:103)
 java.base@17.0.19/sun.security.ssl.X509TrustManagerImpl.checkIdentity(X509TrustManagerImpl.java:467)
 java.base@17.0.19/sun.security.ssl.X509TrustManagerImpl.checkIdentity(X509TrustManagerImpl.java:418)
 java.base@17.0.19/sun.security.ssl.X509TrustManagerImpl.checkTrusted(X509TrustManagerImpl.java:238)
 java.base@17.0.19/sun.security.ssl.X509TrustManagerImpl.checkServerTrusted(X509TrustManagerImpl.java:132)
 java.base@17.0.19/sun.security.ssl.CertificateMessage$T13CertificateConsumer.checkServerCerts(CertificateMessage.java:1278)
 java.base@17.0.19/sun.security.ssl.CertificateMessage$T13CertificateConsumer.onConsumeCertificate(CertificateMessage.java:1169)
 java.base@17.0.19/sun.security.ssl.CertificateMessage$T13CertificateConsumer.consume(CertificateMessage.java:1112)
 java.base@17.0.19/sun.security.ssl.SSLHandshake.consume(SSLHandshake.java:396)
 java.base@17.0.19/sun.security.ssl.HandshakeContext.dispatch(HandshakeContext.java:481)
 java.base@17.0.19/sun.security.ssl.HandshakeContext.dispatch(HandshakeContext.java:459)
 java.base@17.0.19/sun.security.ssl.TransportContext.dispatch(TransportContext.java:206)
 java.base@17.0.19/sun.security.ssl.SSLTransport.decode(SSLTransport.java:172)
 java.base@17.0.19/sun.security.ssl.SSLSocketImpl.decode(SSLSocketImpl.java:1509)
 java.base@17.0.19/sun.security.ssl.SSLSocketImpl.readHandshakeRecord(SSLSocketImpl.java:1424)
 java.base@17.0.19/sun.security.ssl.SSLSocketImpl.startHandshake(SSLSocketImpl.java:455)
 java.base@17.0.19/sun.security.ssl.SSLSocketImpl.ensureNegotiated(SSLSocketImpl.java:925)
 java.base@17.0.19/sun.security.ssl.SSLSocketImpl$AppOutputStream.write(SSLSocketImpl.java:1295)
 app//com.mongodb.internal.connection.SocketStream.write(SocketStream.java:164)
 app//com.mongodb.internal.connection.InternalStreamConnection.sendMessage(InternalStreamConnection.java:584)
 app//com.mongodb.internal.connection.InternalStreamConnection.sendCommandMessage(InternalStreamConnection.java:419)
 app//com.mongodb.internal.connection.InternalStreamConnection.sendAndReceive(InternalStreamConnection.java:364)
 app//com.mongodb.internal.connection.CommandHelper.sendAndReceive(CommandHelper.java:92)
 app//com.mongodb.internal.connection.CommandHelper.executeCommand(CommandHelper.java:48)
 app//com.mongodb.internal.connection.InternalStreamConnectionInitializer.initializeConnectionDescription(InternalStreamConnectionInitializer.java:130)
 app//com.mongodb.internal.connection.InternalStreamConnectionInitializer.startHandshake(InternalStreamConnectionInitializer.java:78)
 app//com.mongodb.internal.connection.InternalStreamConnection.open(InternalStreamConnection.java:213)
 app//com.mongodb.internal.connection.DefaultServerMonitor$ServerMonitorRunnable.lookupServerDescription(DefaultServerMonitor.java:193)
 app//com.mongodb.internal.connection.DefaultServerMonitor$ServerMonitorRunnable.run(DefaultServerMonitor.java:153)
 java.base@17.0.19/java.lang.Thread.run(Thread.java:840)
2026-04-26T14:40:07.176+05:30  WARN 13366 --- [smart-campus-backend] [           main] o.a.c.loader.WebappClassLoaderBase       : The web application [ROOT] appears to have started a thread named [cluster-rtt-ClusterId{value='69edd66e8ed7667be2df9409', description='Cluster0'}-ac-qtccofn-shard-00-02.tbo9lco.mongodb.net:27017] but has failed to stop it. This is very likely to create a memory leak. Stack trace of thread:
 java.base@17.0.19/java.util.zip.Inflater.inflateBytesBytes(Native Method)
 java.base@17.0.19/java.util.zip.Inflater.inflate(Inflater.java:378)
 java.base@17.0.19/java.util.zip.InflaterInputStream.read(InflaterInputStream.java:152)
 java.base@17.0.19/java.util.zip.ZipInputStream.read(ZipInputStream.java:196)
 java.base@17.0.19/java.util.zip.ZipInputStream.closeEntry(ZipInputStream.java:142)
 java.base@17.0.19/java.util.zip.ZipInputStream.getNextEntry(ZipInputStream.java:120)
 java.base@17.0.19/sun.security.util.DomainName$Rules.getRules(DomainName.java:240)
 java.base@17.0.19/sun.security.util.DomainName$Rules.createRules(DomainName.java:195)
 java.base@17.0.19/sun.security.util.DomainName$Rules.lambda$getRules$0(DomainName.java:179)
 java.base@17.0.19/sun.security.util.DomainName$Rules$$Lambda$1082/0x000000012456f700.apply(Unknown Source)
 java.base@17.0.19/java.util.concurrent.ConcurrentHashMap.computeIfAbsent(ConcurrentHashMap.java:1708)
 java.base@17.0.19/sun.security.util.DomainName$Rules.getRules(DomainName.java:179)
 java.base@17.0.19/sun.security.util.DomainName.getMatch(DomainName.java:135)
 java.base@17.0.19/sun.security.util.DomainName.registeredDomain(DomainName.java:127)
 java.base@17.0.19/sun.security.util.RegisteredDomain.from(RegisteredDomain.java:83)
 java.base@17.0.19/sun.security.util.HostnameChecker.hasIllegalWildcard(HostnameChecker.java:355)
 java.base@17.0.19/sun.security.util.HostnameChecker.isMatched(HostnameChecker.java:287)
 java.base@17.0.19/sun.security.util.HostnameChecker.matchDNS(HostnameChecker.java:204)
 java.base@17.0.19/sun.security.util.HostnameChecker.match(HostnameChecker.java:103)
 java.base@17.0.19/sun.security.ssl.X509TrustManagerImpl.checkIdentity(X509TrustManagerImpl.java:467)
 java.base@17.0.19/sun.security.ssl.X509TrustManagerImpl.checkIdentity(X509TrustManagerImpl.java:418)
 java.base@17.0.19/sun.security.ssl.X509TrustManagerImpl.checkTrusted(X509TrustManagerImpl.java:238)
 java.base@17.0.19/sun.security.ssl.X509TrustManagerImpl.checkServerTrusted(X509TrustManagerImpl.java:132)
 java.base@17.0.19/sun.security.ssl.CertificateMessage$T13CertificateConsumer.checkServerCerts(CertificateMessage.java:1278)
 java.base@17.0.19/sun.security.ssl.CertificateMessage$T13CertificateConsumer.onConsumeCertificate(CertificateMessage.java:1169)
 java.base@17.0.19/sun.security.ssl.CertificateMessage$T13CertificateConsumer.consume(CertificateMessage.java:1112)
 java.base@17.0.19/sun.security.ssl.SSLHandshake.consume(SSLHandshake.java:396)
 java.base@17.0.19/sun.security.ssl.HandshakeContext.dispatch(HandshakeContext.java:481)
 java.base@17.0.19/sun.security.ssl.HandshakeContext.dispatch(HandshakeContext.java:459)
 java.base@17.0.19/sun.security.ssl.TransportContext.dispatch(TransportContext.java:206)
 java.base@17.0.19/sun.security.ssl.SSLTransport.decode(SSLTransport.java:172)
 java.base@17.0.19/sun.security.ssl.SSLSocketImpl.decode(SSLSocketImpl.java:1509)
 java.base@17.0.19/sun.security.ssl.SSLSocketImpl.readHandshakeRecord(SSLSocketImpl.java:1424)
 java.base@17.0.19/sun.security.ssl.SSLSocketImpl.startHandshake(SSLSocketImpl.java:455)
 java.base@17.0.19/sun.security.ssl.SSLSocketImpl.ensureNegotiated(SSLSocketImpl.java:925)
 java.base@17.0.19/sun.security.ssl.SSLSocketImpl$AppOutputStream.write(SSLSocketImpl.java:1295)
 app//com.mongodb.internal.connection.SocketStream.write(SocketStream.java:164)
 app//com.mongodb.internal.connection.InternalStreamConnection.sendMessage(InternalStreamConnection.java:584)
 app//com.mongodb.internal.connection.InternalStreamConnection.sendCommandMessage(InternalStreamConnection.java:419)
 app//com.mongodb.internal.connection.InternalStreamConnection.sendAndReceive(InternalStreamConnection.java:364)
 app//com.mongodb.internal.connection.CommandHelper.sendAndReceive(CommandHelper.java:92)
 app//com.mongodb.internal.connection.CommandHelper.executeCommand(CommandHelper.java:48)
 app//com.mongodb.internal.connection.InternalStreamConnectionInitializer.initializeConnectionDescription(InternalStreamConnectionInitializer.java:130)
 app//com.mongodb.internal.connection.InternalStreamConnectionInitializer.startHandshake(InternalStreamConnectionInitializer.java:78)
 app//com.mongodb.internal.connection.InternalStreamConnection.open(InternalStreamConnection.java:213)
 app//com.mongodb.internal.connection.DefaultServerMonitor$RoundTripTimeRunnable.initialize(DefaultServerMonitor.java:424)
 app//com.mongodb.internal.connection.DefaultServerMonitor$RoundTripTimeRunnable.run(DefaultServerMonitor.java:400)
 java.base@17.0.19/java.lang.Thread.run(Thread.java:840)
2026-04-26T14:40:07.177+05:30  WARN 13366 --- [smart-campus-backend] [           main] o.a.c.loader.WebappClassLoaderBase       : The web application [ROOT] appears to have started a thread named [cluster-ClusterId{value='69edd66e8ed7667be2df9409', description='Cluster0'}-ac-qtccofn-shard-00-00.tbo9lco.mongodb.net:27017] but has failed to stop it. This is very likely to create a memory leak. Stack trace of thread:
 java.base@17.0.19/java.util.concurrent.ConcurrentHashMap.computeIfAbsent(ConcurrentHashMap.java:1726)
 java.base@17.0.19/sun.security.util.DomainName$Rules.getRules(DomainName.java:179)
 java.base@17.0.19/sun.security.util.DomainName.getMatch(DomainName.java:135)
 java.base@17.0.19/sun.security.util.DomainName.registeredDomain(DomainName.java:127)
 java.base@17.0.19/sun.security.util.RegisteredDomain.from(RegisteredDomain.java:83)
 java.base@17.0.19/sun.security.util.HostnameChecker.hasIllegalWildcard(HostnameChecker.java:355)
 java.base@17.0.19/sun.security.util.HostnameChecker.isMatched(HostnameChecker.java:287)
 java.base@17.0.19/sun.security.util.HostnameChecker.matchDNS(HostnameChecker.java:204)
 java.base@17.0.19/sun.security.util.HostnameChecker.match(HostnameChecker.java:103)
 java.base@17.0.19/sun.security.ssl.X509TrustManagerImpl.checkIdentity(X509TrustManagerImpl.java:467)
 java.base@17.0.19/sun.security.ssl.X509TrustManagerImpl.checkIdentity(X509TrustManagerImpl.java:418)
 java.base@17.0.19/sun.security.ssl.X509TrustManagerImpl.checkTrusted(X509TrustManagerImpl.java:238)
 java.base@17.0.19/sun.security.ssl.X509TrustManagerImpl.checkServerTrusted(X509TrustManagerImpl.java:132)
 java.base@17.0.19/sun.security.ssl.CertificateMessage$T13CertificateConsumer.checkServerCerts(CertificateMessage.java:1278)
 java.base@17.0.19/sun.security.ssl.CertificateMessage$T13CertificateConsumer.onConsumeCertificate(CertificateMessage.java:1169)
 java.base@17.0.19/sun.security.ssl.CertificateMessage$T13CertificateConsumer.consume(CertificateMessage.java:1112)
 java.base@17.0.19/sun.security.ssl.SSLHandshake.consume(SSLHandshake.java:396)
 java.base@17.0.19/sun.security.ssl.HandshakeContext.dispatch(HandshakeContext.java:481)
 java.base@17.0.19/sun.security.ssl.HandshakeContext.dispatch(HandshakeContext.java:459)
 java.base@17.0.19/sun.security.ssl.TransportContext.dispatch(TransportContext.java:206)
 java.base@17.0.19/sun.security.ssl.SSLTransport.decode(SSLTransport.java:172)
 java.base@17.0.19/sun.security.ssl.SSLSocketImpl.decode(SSLSocketImpl.java:1509)
 java.base@17.0.19/sun.security.ssl.SSLSocketImpl.readHandshakeRecord(SSLSocketImpl.java:1424)
 java.base@17.0.19/sun.security.ssl.SSLSocketImpl.startHandshake(SSLSocketImpl.java:455)
 java.base@17.0.19/sun.security.ssl.SSLSocketImpl.ensureNegotiated(SSLSocketImpl.java:925)
 java.base@17.0.19/sun.security.ssl.SSLSocketImpl$AppOutputStream.write(SSLSocketImpl.java:1295)
 app//com.mongodb.internal.connection.SocketStream.write(SocketStream.java:164)
 app//com.mongodb.internal.connection.InternalStreamConnection.sendMessage(InternalStreamConnection.java:584)
 app//com.mongodb.internal.connection.InternalStreamConnection.sendCommandMessage(InternalStreamConnection.java:419)
 app//com.mongodb.internal.connection.InternalStreamConnection.sendAndReceive(InternalStreamConnection.java:364)
 app//com.mongodb.internal.connection.CommandHelper.sendAndReceive(CommandHelper.java:92)
 app//com.mongodb.internal.connection.CommandHelper.executeCommand(CommandHelper.java:48)
 app//com.mongodb.internal.connection.InternalStreamConnectionInitializer.initializeConnectionDescription(InternalStreamConnectionInitializer.java:130)
 app//com.mongodb.internal.connection.InternalStreamConnectionInitializer.startHandshake(InternalStreamConnectionInitializer.java:78)
 app//com.mongodb.internal.connection.InternalStreamConnection.open(InternalStreamConnection.java:213)
 app//com.mongodb.internal.connection.DefaultServerMonitor$ServerMonitorRunnable.lookupServerDescription(DefaultServerMonitor.java:193)
 app//com.mongodb.internal.connection.DefaultServerMonitor$ServerMonitorRunnable.run(DefaultServerMonitor.java:153)
 java.base@17.0.19/java.lang.Thread.run(Thread.java:840)
2026-04-26T14:40:07.177+05:30  WARN 13366 --- [smart-campus-backend] [           main] o.a.c.loader.WebappClassLoaderBase       : The web application [ROOT] appears to have started a thread named [cluster-rtt-ClusterId{value='69edd66e8ed7667be2df9409', description='Cluster0'}-ac-qtccofn-shard-00-00.tbo9lco.mongodb.net:27017] but has failed to stop it. This is very likely to create a memory leak. Stack trace of thread:
 java.base@17.0.19/java.util.concurrent.ConcurrentHashMap.computeIfAbsent(ConcurrentHashMap.java:1726)
 java.base@17.0.19/sun.security.util.DomainName$Rules.getRules(DomainName.java:179)
 java.base@17.0.19/sun.security.util.DomainName.getMatch(DomainName.java:135)
 java.base@17.0.19/sun.security.util.DomainName.registeredDomain(DomainName.java:127)
 java.base@17.0.19/sun.security.util.RegisteredDomain.from(RegisteredDomain.java:83)
 java.base@17.0.19/sun.security.util.HostnameChecker.hasIllegalWildcard(HostnameChecker.java:355)
 java.base@17.0.19/sun.security.util.HostnameChecker.isMatched(HostnameChecker.java:287)
 java.base@17.0.19/sun.security.util.HostnameChecker.matchDNS(HostnameChecker.java:204)
 java.base@17.0.19/sun.security.util.HostnameChecker.match(HostnameChecker.java:103)
 java.base@17.0.19/sun.security.ssl.X509TrustManagerImpl.checkIdentity(X509TrustManagerImpl.java:467)
 java.base@17.0.19/sun.security.ssl.X509TrustManagerImpl.checkIdentity(X509TrustManagerImpl.java:418)
 java.base@17.0.19/sun.security.ssl.X509TrustManagerImpl.checkTrusted(X509TrustManagerImpl.java:238)
 java.base@17.0.19/sun.security.ssl.X509TrustManagerImpl.checkServerTrusted(X509TrustManagerImpl.java:132)
 java.base@17.0.19/sun.security.ssl.CertificateMessage$T13CertificateConsumer.checkServerCerts(CertificateMessage.java:1278)
 java.base@17.0.19/sun.security.ssl.CertificateMessage$T13CertificateConsumer.onConsumeCertificate(CertificateMessage.java:1169)
 java.base@17.0.19/sun.security.ssl.CertificateMessage$T13CertificateConsumer.consume(CertificateMessage.java:1112)
 java.base@17.0.19/sun.security.ssl.SSLHandshake.consume(SSLHandshake.java:396)
 java.base@17.0.19/sun.security.ssl.HandshakeContext.dispatch(HandshakeContext.java:481)
 java.base@17.0.19/sun.security.ssl.HandshakeContext.dispatch(HandshakeContext.java:459)
 java.base@17.0.19/sun.security.ssl.TransportContext.dispatch(TransportContext.java:206)
 java.base@17.0.19/sun.security.ssl.SSLTransport.decode(SSLTransport.java:172)
 java.base@17.0.19/sun.security.ssl.SSLSocketImpl.decode(SSLSocketImpl.java:1509)
 java.base@17.0.19/sun.security.ssl.SSLSocketImpl.readHandshakeRecord(SSLSocketImpl.java:1424)
 java.base@17.0.19/sun.security.ssl.SSLSocketImpl.startHandshake(SSLSocketImpl.java:455)
 java.base@17.0.19/sun.security.ssl.SSLSocketImpl.ensureNegotiated(SSLSocketImpl.java:925)
 java.base@17.0.19/sun.security.ssl.SSLSocketImpl$AppOutputStream.write(SSLSocketImpl.java:1295)
 app//com.mongodb.internal.connection.SocketStream.write(SocketStream.java:164)
 app//com.mongodb.internal.connection.InternalStreamConnection.sendMessage(InternalStreamConnection.java:584)
 app//com.mongodb.internal.connection.InternalStreamConnection.sendCommandMessage(InternalStreamConnection.java:419)
 app//com.mongodb.internal.connection.InternalStreamConnection.sendAndReceive(InternalStreamConnection.java:364)
 app//com.mongodb.internal.connection.CommandHelper.sendAndReceive(CommandHelper.java:92)
 app//com.mongodb.internal.connection.CommandHelper.executeCommand(CommandHelper.java:48)
 app//com.mongodb.internal.connection.InternalStreamConnectionInitializer.initializeConnectionDescription(InternalStreamConnectionInitializer.java:130)
 app//com.mongodb.internal.connection.InternalStreamConnectionInitializer.startHandshake(InternalStreamConnectionInitializer.java:78)
 app//com.mongodb.internal.connection.InternalStreamConnection.open(InternalStreamConnection.java:213)
 app//com.mongodb.internal.connection.DefaultServerMonitor$RoundTripTimeRunnable.initialize(DefaultServerMonitor.java:424)
 app//com.mongodb.internal.connection.DefaultServerMonitor$RoundTripTimeRunnable.run(DefaultServerMonitor.java:400)
 java.base@17.0.19/java.lang.Thread.run(Thread.java:840)
2026-04-26T14:40:07.177+05:30  WARN 13366 --- [smart-campus-backend] [           main] o.a.c.loader.WebappClassLoaderBase       : The web application [ROOT] appears to have started a thread named [cluster-ClusterId{value='69edd66e8ed7667be2df9409', description='Cluster0'}-ac-qtccofn-shard-00-01.tbo9lco.mongodb.net:27017] but has failed to stop it. This is very likely to create a memory leak. Stack trace of thread:
 java.base@17.0.19/java.util.concurrent.ConcurrentHashMap.computeIfAbsent(ConcurrentHashMap.java:1726)
 java.base@17.0.19/sun.security.util.DomainName$Rules.getRules(DomainName.java:179)
 java.base@17.0.19/sun.security.util.DomainName.getMatch(DomainName.java:135)
 java.base@17.0.19/sun.security.util.DomainName.registeredDomain(DomainName.java:127)
 java.base@17.0.19/sun.security.util.RegisteredDomain.from(RegisteredDomain.java:83)
 java.base@17.0.19/sun.security.util.HostnameChecker.hasIllegalWildcard(HostnameChecker.java:355)
 java.base@17.0.19/sun.security.util.HostnameChecker.isMatched(HostnameChecker.java:287)
 java.base@17.0.19/sun.security.util.HostnameChecker.matchDNS(HostnameChecker.java:204)
 java.base@17.0.19/sun.security.util.HostnameChecker.match(HostnameChecker.java:103)
 java.base@17.0.19/sun.security.ssl.X509TrustManagerImpl.checkIdentity(X509TrustManagerImpl.java:467)
 java.base@17.0.19/sun.security.ssl.X509TrustManagerImpl.checkIdentity(X509TrustManagerImpl.java:418)
 java.base@17.0.19/sun.security.ssl.X509TrustManagerImpl.checkTrusted(X509TrustManagerImpl.java:238)
 java.base@17.0.19/sun.security.ssl.X509TrustManagerImpl.checkServerTrusted(X509TrustManagerImpl.java:132)
 java.base@17.0.19/sun.security.ssl.CertificateMessage$T13CertificateConsumer.checkServerCerts(CertificateMessage.java:1278)
 java.base@17.0.19/sun.security.ssl.CertificateMessage$T13CertificateConsumer.onConsumeCertificate(CertificateMessage.java:1169)
 java.base@17.0.19/sun.security.ssl.CertificateMessage$T13CertificateConsumer.consume(CertificateMessage.java:1112)
 java.base@17.0.19/sun.security.ssl.SSLHandshake.consume(SSLHandshake.java:396)
 java.base@17.0.19/sun.security.ssl.HandshakeContext.dispatch(HandshakeContext.java:481)
 java.base@17.0.19/sun.security.ssl.HandshakeContext.dispatch(HandshakeContext.java:459)
 java.base@17.0.19/sun.security.ssl.TransportContext.dispatch(TransportContext.java:206)
 java.base@17.0.19/sun.security.ssl.SSLTransport.decode(SSLTransport.java:172)
 java.base@17.0.19/sun.security.ssl.SSLSocketImpl.decode(SSLSocketImpl.java:1509)
 java.base@17.0.19/sun.security.ssl.SSLSocketImpl.readHandshakeRecord(SSLSocketImpl.java:1424)
 java.base@17.0.19/sun.security.ssl.SSLSocketImpl.startHandshake(SSLSocketImpl.java:455)
 java.base@17.0.19/sun.security.ssl.SSLSocketImpl.ensureNegotiated(SSLSocketImpl.java:925)
 java.base@17.0.19/sun.security.ssl.SSLSocketImpl$AppOutputStream.write(SSLSocketImpl.java:1295)
 app//com.mongodb.internal.connection.SocketStream.write(SocketStream.java:164)
 app//com.mongodb.internal.connection.InternalStreamConnection.sendMessage(InternalStreamConnection.java:584)
 app//com.mongodb.internal.connection.InternalStreamConnection.sendCommandMessage(InternalStreamConnection.java:419)
 app//com.mongodb.internal.connection.InternalStreamConnection.sendAndReceive(InternalStreamConnection.java:364)
 app//com.mongodb.internal.connection.CommandHelper.sendAndReceive(CommandHelper.java:92)
 app//com.mongodb.internal.connection.CommandHelper.executeCommand(CommandHelper.java:48)
 app//com.mongodb.internal.connection.InternalStreamConnectionInitializer.initializeConnectionDescription(InternalStreamConnectionInitializer.java:130)
 app//com.mongodb.internal.connection.InternalStreamConnectionInitializer.startHandshake(InternalStreamConnectionInitializer.java:78)
 app//com.mongodb.internal.connection.InternalStreamConnection.open(InternalStreamConnection.java:213)
 app//com.mongodb.internal.connection.DefaultServerMonitor$ServerMonitorRunnable.lookupServerDescription(DefaultServerMonitor.java:193)
 app//com.mongodb.internal.connection.DefaultServerMonitor$ServerMonitorRunnable.run(DefaultServerMonitor.java:153)
 java.base@17.0.19/java.lang.Thread.run(Thread.java:840)
2026-04-26T14:40:07.178+05:30  WARN 13366 --- [smart-campus-backend] [           main] o.a.c.loader.WebappClassLoaderBase       : The web application [ROOT] appears to have started a thread named [cluster-rtt-ClusterId{value='69edd66e8ed7667be2df9409', description='Cluster0'}-ac-qtccofn-shard-00-01.tbo9lco.mongodb.net:27017] but has failed to stop it. This is very likely to create a memory leak. Stack trace of thread:
 java.base@17.0.19/java.util.concurrent.ConcurrentHashMap.computeIfAbsent(ConcurrentHashMap.java:1726)
 java.base@17.0.19/sun.security.util.DomainName$Rules.getRules(DomainName.java:179)
 java.base@17.0.19/sun.security.util.DomainName.getMatch(DomainName.java:135)
 java.base@17.0.19/sun.security.util.DomainName.registeredDomain(DomainName.java:127)
 java.base@17.0.19/sun.security.util.RegisteredDomain.from(RegisteredDomain.java:83)
 java.base@17.0.19/sun.security.util.HostnameChecker.hasIllegalWildcard(HostnameChecker.java:355)
 java.base@17.0.19/sun.security.util.HostnameChecker.isMatched(HostnameChecker.java:287)
 java.base@17.0.19/sun.security.util.HostnameChecker.matchDNS(HostnameChecker.java:204)
 java.base@17.0.19/sun.security.util.HostnameChecker.match(HostnameChecker.java:103)
 java.base@17.0.19/sun.security.ssl.X509TrustManagerImpl.checkIdentity(X509TrustManagerImpl.java:467)
 java.base@17.0.19/sun.security.ssl.X509TrustManagerImpl.checkIdentity(X509TrustManagerImpl.java:418)
 java.base@17.0.19/sun.security.ssl.X509TrustManagerImpl.checkTrusted(X509TrustManagerImpl.java:238)
 java.base@17.0.19/sun.security.ssl.X509TrustManagerImpl.checkServerTrusted(X509TrustManagerImpl.java:132)
 java.base@17.0.19/sun.security.ssl.CertificateMessage$T13CertificateConsumer.checkServerCerts(CertificateMessage.java:1278)
 java.base@17.0.19/sun.security.ssl.CertificateMessage$T13CertificateConsumer.onConsumeCertificate(CertificateMessage.java:1169)
 java.base@17.0.19/sun.security.ssl.CertificateMessage$T13CertificateConsumer.consume(CertificateMessage.java:1112)
 java.base@17.0.19/sun.security.ssl.SSLHandshake.consume(SSLHandshake.java:396)
 java.base@17.0.19/sun.security.ssl.HandshakeContext.dispatch(HandshakeContext.java:481)
 java.base@17.0.19/sun.security.ssl.HandshakeContext.dispatch(HandshakeContext.java:459)
 java.base@17.0.19/sun.security.ssl.TransportContext.dispatch(TransportContext.java:206)
 java.base@17.0.19/sun.security.ssl.SSLTransport.decode(SSLTransport.java:172)
 java.base@17.0.19/sun.security.ssl.SSLSocketImpl.decode(SSLSocketImpl.java:1509)
 java.base@17.0.19/sun.security.ssl.SSLSocketImpl.readHandshakeRecord(SSLSocketImpl.java:1424)
 java.base@17.0.19/sun.security.ssl.SSLSocketImpl.startHandshake(SSLSocketImpl.java:455)
 java.base@17.0.19/sun.security.ssl.SSLSocketImpl.ensureNegotiated(SSLSocketImpl.java:925)
 java.base@17.0.19/sun.security.ssl.SSLSocketImpl$AppOutputStream.write(SSLSocketImpl.java:1295)
 app//com.mongodb.internal.connection.SocketStream.write(SocketStream.java:164)
 app//com.mongodb.internal.connection.InternalStreamConnection.sendMessage(InternalStreamConnection.java:584)
 app//com.mongodb.internal.connection.InternalStreamConnection.sendCommandMessage(InternalStreamConnection.java:419)
 app//com.mongodb.internal.connection.InternalStreamConnection.sendAndReceive(InternalStreamConnection.java:364)
 app//com.mongodb.internal.connection.CommandHelper.sendAndReceive(CommandHelper.java:92)
 app//com.mongodb.internal.connection.CommandHelper.executeCommand(CommandHelper.java:48)
 app//com.mongodb.internal.connection.InternalStreamConnectionInitializer.initializeConnectionDescription(InternalStreamConnectionInitializer.java:130)
 app//com.mongodb.internal.connection.InternalStreamConnectionInitializer.startHandshake(InternalStreamConnectionInitializer.java:78)
 app//com.mongodb.internal.connection.InternalStreamConnection.open(InternalStreamConnection.java:213)
 app//com.mongodb.internal.connection.DefaultServerMonitor$RoundTripTimeRunnable.initialize(DefaultServerMonitor.java:424)
 app//com.mongodb.internal.connection.DefaultServerMonitor$RoundTripTimeRunnable.run(DefaultServerMonitor.java:400)
 java.base@17.0.19/java.lang.Thread.run(Thread.java:840)
2026-04-26T14:40:07.201+05:30  INFO 13366 --- [smart-campus-backend] [           main] .s.b.a.l.ConditionEvaluationReportLogger : 

Error starting ApplicationContext. To display the condition evaluation report re-run your application with 'debug' enabled.
2026-04-26T14:40:07.218+05:30 ERROR 13366 --- [smart-campus-backend] [           main] o.s.boot.SpringApplication               : Application run failed

org.springframework.beans.factory.BeanCreationException: Error creating bean with name 'OAuth2AuthenticationSuccessHandler': Injection of autowired dependencies failed
	at org.springframework.beans.factory.annotation.AutowiredAnnotationBeanPostProcessor.postProcessProperties(AutowiredAnnotationBeanPostProcessor.java:514) ~[spring-beans-6.1.6.jar:6.1.6]
	at org.springframework.beans.factory.support.AbstractAutowireCapableBeanFactory.populateBean(AbstractAutowireCapableBeanFactory.java:1419) ~[spring-beans-6.1.6.jar:6.1.6]
	at org.springframework.beans.factory.support.AbstractAutowireCapableBeanFactory.doCreateBean(AbstractAutowireCapableBeanFactory.java:599) ~[spring-beans-6.1.6.jar:6.1.6]
	at org.springframework.beans.factory.support.AbstractAutowireCapableBeanFactory.createBean(AbstractAutowireCapableBeanFactory.java:522) ~[spring-beans-6.1.6.jar:6.1.6]
	at org.springframework.beans.factory.support.AbstractBeanFactory.lambda$doGetBean$0(AbstractBeanFactory.java:326) ~[spring-beans-6.1.6.jar:6.1.6]
	at org.springframework.beans.factory.support.DefaultSingletonBeanRegistry.getSingleton(DefaultSingletonBeanRegistry.java:234) ~[spring-beans-6.1.6.jar:6.1.6]
	at org.springframework.beans.factory.support.AbstractBeanFactory.doGetBean(AbstractBeanFactory.java:324) ~[spring-beans-6.1.6.jar:6.1.6]
	at org.springframework.beans.factory.support.AbstractBeanFactory.getBean(AbstractBeanFactory.java:200) ~[spring-beans-6.1.6.jar:6.1.6]
	at org.springframework.beans.factory.support.DefaultListableBeanFactory.preInstantiateSingletons(DefaultListableBeanFactory.java:975) ~[spring-beans-6.1.6.jar:6.1.6]
	at org.springframework.context.support.AbstractApplicationContext.finishBeanFactoryInitialization(AbstractApplicationContext.java:962) ~[spring-context-6.1.6.jar:6.1.6]
	at org.springframework.context.support.AbstractApplicationContext.refresh(AbstractApplicationContext.java:624) ~[spring-context-6.1.6.jar:6.1.6]
	at org.springframework.boot.web.servlet.context.ServletWebServerApplicationContext.refresh(ServletWebServerApplicationContext.java:146) ~[spring-boot-3.2.5.jar:3.2.5]
	at org.springframework.boot.SpringApplication.refresh(SpringApplication.java:754) ~[spring-boot-3.2.5.jar:3.2.5]
	at org.springframework.boot.SpringApplication.refreshContext(SpringApplication.java:456) ~[spring-boot-3.2.5.jar:3.2.5]
	at org.springframework.boot.SpringApplication.run(SpringApplication.java:334) ~[spring-boot-3.2.5.jar:3.2.5]
	at org.springframework.boot.SpringApplication.run(SpringApplication.java:1354) ~[spring-boot-3.2.5.jar:3.2.5]
	at org.springframework.boot.SpringApplication.run(SpringApplication.java:1343) ~[spring-boot-3.2.5.jar:3.2.5]
	at com.smartcampus.SmartCampusApplication.main(SmartCampusApplication.java:11) ~[classes/:na]
Caused by: java.lang.IllegalArgumentException: Could not resolve placeholder 'app.oauth2.redirect-uri' in value "${app.oauth2.redirect-uri}"
	at org.springframework.util.PropertyPlaceholderHelper.parseStringValue(PropertyPlaceholderHelper.java:180) ~[spring-core-6.1.6.jar:6.1.6]
	at org.springframework.util.PropertyPlaceholderHelper.replacePlaceholders(PropertyPlaceholderHelper.java:126) ~[spring-core-6.1.6.jar:6.1.6]
	at org.springframework.core.env.AbstractPropertyResolver.doResolvePlaceholders(AbstractPropertyResolver.java:239) ~[spring-core-6.1.6.jar:6.1.6]
	at org.springframework.core.env.AbstractPropertyResolver.resolveRequiredPlaceholders(AbstractPropertyResolver.java:210) ~[spring-core-6.1.6.jar:6.1.6]
	at org.springframework.context.support.PropertySourcesPlaceholderConfigurer.lambda$processProperties$0(PropertySourcesPlaceholderConfigurer.java:200) ~[spring-context-6.1.6.jar:6.1.6]
	at org.springframework.beans.factory.support.AbstractBeanFactory.resolveEmbeddedValue(AbstractBeanFactory.java:953) ~[spring-beans-6.1.6.jar:6.1.6]
	at org.springframework.beans.factory.support.DefaultListableBeanFactory.doResolveDependency(DefaultListableBeanFactory.java:1374) ~[spring-beans-6.1.6.jar:6.1.6]
	at org.springframework.beans.factory.support.DefaultListableBeanFactory.resolveDependency(DefaultListableBeanFactory.java:1353) ~[spring-beans-6.1.6.jar:6.1.6]
	at org.springframework.beans.factory.annotation.AutowiredAnnotationBeanPostProcessor$AutowiredFieldElement.resolveFieldValue(AutowiredAnnotationBeanPostProcessor.java:784) ~[spring-beans-6.1.6.jar:6.1.6]
	at org.springframework.beans.factory.annotation.AutowiredAnnotationBeanPostProcessor$AutowiredFieldElement.inject(AutowiredAnnotationBeanPostProcessor.java:767) ~[spring-beans-6.1.6.jar:6.1.6]
	at org.springframework.beans.factory.annotation.InjectionMetadata.inject(InjectionMetadata.java:145) ~[spring-beans-6.1.6.jar:6.1.6]
	at org.springframework.beans.factory.annotation.AutowiredAnnotationBeanPostProcessor.postProcessProperties(AutowiredAnnotationBeanPostProcessor.java:508) ~[spring-beans-6.1.6.jar:6.1.6]
	... 17 common frames omitted

[INFO] ------------------------------------------------------------------------
[INFO] BUILD FAILURE
[INFO] ------------------------------------------------------------------------
[INFO] Total time:  6.911 s
[INFO] Finished at: 2026-04-26T14:40:07+05:30
[INFO] ------------------------------------------------------------------------
[ERROR] Failed to execute goal org.springframework.boot:spring-boot-maven-plugin:3.2.5:run (default-cli) on project smart-campus-backend: Process terminated with exit code: 1 -> [Help 1]
[ERROR] 
[ERROR] To see the full stack trace of the errors, re-run Maven with the -e switch.
[ERROR] Re-run Maven using the -X switch to enable full debug logging.
[ERROR] 
[ERROR] For more information about the errors and possible solutions, please read the following articles:
[ERROR] [Help 1] http://cwiki.apache.org/confluence/display/MAVEN/MojoExecutionException
